<?xml version="1.0" encoding="UTF-8"?>
<!-- Generated by org.testng.reporters.JUnitXMLReporter -->
<testsuite ignored="0" hostname="LAP-51" failures="1" tests="3" name="End to End Homepage" time="58.138" errors="0" timestamp="2024-03-10T13:02:25 IST">
  <testcase classname="org.tractorjunction.Module_HP" name="TJA_TC_HP_BS_001" time="17.743"/>
  <testcase classname="org.tractorjunction.Module_HP" name="TJA_TC_HP_BS_002" time="8.879"/>
  <testcase classname="org.tractorjunction.Module_HP" name="TJA_TC_HP_BS_003" time="17.404">
    <failure type="org.openqa.selenium.NoSuchElementException" message="An element could not be located on the page using the given search parameters.
For documentation on this error, please visit: https://www.selenium.dev/documentation/webdriver/troubleshooting/errors#no-such-element-exception
Build info: version: &amp;apos;4.18.1&amp;apos;, revision: &amp;apos;b1d3319b48&amp;apos;
System info: os.name: &amp;apos;Windows 11&amp;apos;, os.arch: &amp;apos;amd64&amp;apos;, os.version: &amp;apos;10.0&amp;apos;, java.version: &amp;apos;11.0.21&amp;apos;
Driver info: io.appium.java_client.android.AndroidDriver
Command: [6fcfce69-af6a-4b9d-b500-ede91b42093f, findElement {value=//android.widget.TextView[@text=&amp;quot;View All Latest ractors&amp;quot;], using=xpath}]
Capabilities {appium:app: C:\Users\IT_Admin\eclipse-w..., appium:appPackage: com.tractorjunction, appium:automationName: UIAutomator2, appium:databaseEnabled: false, appium:desired: {app: C:\Users\IT_Admin\eclipse-w..., automationName: UIAutomator2, deviceName: RajkumarDevice, platformName: ANDROID}, appium:deviceApiLevel: 30, appium:deviceManufacturer: Google, appium:deviceModel: sdk_gphone_x86, appium:deviceName: emulator-5554, appium:deviceScreenDensity: 560, appium:deviceScreenSize: 1440x2880, appium:deviceUDID: emulator-5554, appium:javascriptEnabled: true, appium:locationContextEnabled: false, appium:networkConnectionEnabled: true, appium:pixelRatio: 3.5, appium:platformVersion: 11, appium:statBarHeight: 98, appium:takesScreenshot: true, appium:viewportRect: {height: 2782, left: 0, top: 98, width: 1440}, appium:warnings: {}, appium:webStorageEnabled: false, platformName: ANDROID}
Session ID: 6fcfce69-af6a-4b9d-b500-ede91b42093f">
      <![CDATA[org.openqa.selenium.NoSuchElementException: An element could not be located on the page using the given search parameters.
For documentation on this error, please visit: https://www.selenium.dev/documentation/webdriver/troubleshooting/errors#no-such-element-exception
Build info: version: '4.18.1', revision: 'b1d3319b48'
System info: os.name: 'Windows 11', os.arch: 'amd64', os.version: '10.0', java.version: '11.0.21'
Driver info: io.appium.java_client.android.AndroidDriver
Command: [6fcfce69-af6a-4b9d-b500-ede91b42093f, findElement {value=//android.widget.TextView[@text="View All Latest ractors"], using=xpath}]
Capabilities {appium:app: C:\Users\IT_Admin\eclipse-w..., appium:appPackage: com.tractorjunction, appium:automationName: UIAutomator2, appium:databaseEnabled: false, appium:desired: {app: C:\Users\IT_Admin\eclipse-w..., automationName: UIAutomator2, deviceName: RajkumarDevice, platformName: ANDROID}, appium:deviceApiLevel: 30, appium:deviceManufacturer: Google, appium:deviceModel: sdk_gphone_x86, appium:deviceName: emulator-5554, appium:deviceScreenDensity: 560, appium:deviceScreenSize: 1440x2880, appium:deviceUDID: emulator-5554, appium:javascriptEnabled: true, appium:locationContextEnabled: false, appium:networkConnectionEnabled: true, appium:pixelRatio: 3.5, appium:platformVersion: 11, appium:statBarHeight: 98, appium:takesScreenshot: true, appium:viewportRect: {height: 2782, left: 0, top: 98, width: 1440}, appium:warnings: {}, appium:webStorageEnabled: false, platformName: ANDROID}
Session ID: 6fcfce69-af6a-4b9d-b500-ede91b42093f
at org.openqa.selenium.remote.ErrorCodec.decode(ErrorCodec.java:167)
at org.openqa.selenium.remote.codec.w3c.W3CHttpResponseCodec.decode(W3CHttpResponseCodec.java:138)
at org.openqa.selenium.remote.codec.w3c.W3CHttpResponseCodec.decode(W3CHttpResponseCodec.java:50)
at org.openqa.selenium.remote.HttpCommandExecutor.execute(HttpCommandExecutor.java:190)
at io.appium.java_client.remote.AppiumCommandExecutor.execute(AppiumCommandExecutor.java:237)
at org.openqa.selenium.remote.RemoteWebDriver.execute(RemoteWebDriver.java:519)
at org.openqa.selenium.remote.ElementLocation$ElementFinder$2.findElement(ElementLocation.java:165)
at org.openqa.selenium.remote.ElementLocation.findElement(ElementLocation.java:59)
at org.openqa.selenium.remote.RemoteWebDriver.findElement(RemoteWebDriver.java:356)
at org.openqa.selenium.remote.RemoteWebDriver.findElement(RemoteWebDriver.java:350)
at org.tractorjunction.Module_HP.TJA_TC_HP_BS_003(Module_HP.java:51)
at java.base/java.util.ArrayList.forEach(ArrayList.java:1541)
... Removed 31 stack frames]]>
    </failure>
  </testcase> <!-- TJA_TC_HP_BS_003 -->
</testsuite> <!-- End to End Homepage -->
